mode: count
fmt/format.go:30.13,31.29 1 1
fmt/format.go:31.29,34.3 2 65
fmt/format.go:67.28,69.2 1 13463
fmt/format.go:71.33,74.2 2 5832
fmt/format.go:77.85,80.11 3 7068
fmt/format.go:84.2,85.11 2 7068
fmt/format.go:96.2,96.8 1 30
fmt/format.go:80.11,83.3 2 0
fmt/format.go:85.11,86.21 1 7038
fmt/format.go:89.3,89.11 1 4701
fmt/format.go:86.21,88.4 1 2337
fmt/format.go:89.11,91.4 1 4683
fmt/format.go:91.4,94.4 1 18
fmt/format.go:100.51,101.12 1 7038
fmt/format.go:101.12,103.16 2 7039
fmt/format.go:106.3,107.9 2 7039
fmt/format.go:103.16,105.4 1 1
fmt/format.go:112.29,113.33 1 9359
fmt/format.go:117.2,118.14 2 7056
fmt/format.go:121.2,122.15 2 7056
fmt/format.go:113.33,116.3 2 2321
fmt/format.go:118.14,120.3 1 7012
fmt/format.go:122.15,124.3 1 15
fmt/format.go:128.35,129.33 1 185
fmt/format.go:133.2,134.14 2 12
fmt/format.go:137.2,138.15 2 12
fmt/format.go:129.33,132.3 2 176
fmt/format.go:134.14,136.3 1 8
fmt/format.go:138.15,140.3 1 3
fmt/format.go:149.35,150.7 1 7
fmt/format.go:150.7,152.3 1 4
fmt/format.go:152.3,154.3 1 3
fmt/format.go:159.77,161.44 1 2203
fmt/format.go:165.2,166.14 2 2207
fmt/format.go:170.2,171.56 2 2213
fmt/format.go:196.2,197.19 2 2219
fmt/format.go:211.2,215.14 3 2225
fmt/format.go:244.2,246.33 3 2231
fmt/format.go:252.2,252.13 1 2237
fmt/format.go:266.2,266.15 1 2243
fmt/format.go:273.2,273.14 1 2249
fmt/format.go:285.2,285.88 1 2255
fmt/format.go:301.2,301.16 1 2261
fmt/format.go:161.44,163.3 1 2
fmt/format.go:166.14,168.3 1 22
fmt/format.go:171.56,173.28 2 76
fmt/format.go:177.3,177.16 1 76
fmt/format.go:185.3,185.36 1 76
fmt/format.go:188.3,188.20 1 76
fmt/format.go:173.28,176.4 1 8
fmt/format.go:177.16,180.18 2 15
fmt/format.go:180.18,183.5 1 4
fmt/format.go:185.36,187.4 1 24
fmt/format.go:188.20,191.4 1 25
fmt/format.go:197.19,200.3 2 34
fmt/format.go:200.3,200.60 1 2305
fmt/format.go:200.60,202.36 2 26
fmt/format.go:202.36,204.4 1 10
fmt/format.go:216.2,217.16 1 2258
fmt/format.go:223.2,224.16 1 71
fmt/format.go:229.2,230.15 1 19
fmt/format.go:235.2,236.15 1 9
fmt/format.go:241.2,242.43 1 0
fmt/format.go:217.16,222.4 4 3597
fmt/format.go:224.16,228.4 3 222
fmt/format.go:230.15,234.4 3 62
fmt/format.go:236.15,240.4 3 132
fmt/format.go:246.33,249.3 2 1841
fmt/format.go:252.13,253.15 1 62
fmt/format.go:254.3,255.21 1 12
fmt/format.go:259.3,263.16 4 42
fmt/format.go:255.21,258.5 2 7
fmt/format.go:266.15,271.3 4 15
fmt/format.go:273.14,276.3 2 22
fmt/format.go:276.3,276.19 1 2431
fmt/format.go:276.19,279.3 2 5
fmt/format.go:279.3,279.20 1 2438
fmt/format.go:279.20,282.3 2 3
fmt/format.go:285.88,299.3 12 3
fmt/format.go:305.41,306.57 1 241
fmt/format.go:316.2,316.10 1 242
fmt/format.go:306.57,308.20 2 13
fmt/format.go:308.20,309.14 1 62
fmt/format.go:313.4,313.7 1 49
fmt/format.go:309.14,311.10 2 13
fmt/format.go:320.31,323.2 2 203
fmt/format.go:326.58,328.14 2 57
fmt/format.go:331.2,334.25 3 57
fmt/format.go:349.2,349.12 1 57
fmt/format.go:328.14,330.3 1 28
fmt/format.go:334.25,335.23 1 138
fmt/format.go:338.3,338.37 1 138
fmt/format.go:341.3,342.15 2 138
fmt/format.go:347.3,347.49 1 138
fmt/format.go:335.23,337.4 1 25
fmt/format.go:338.37,340.4 1 21
fmt/format.go:342.15,344.4 1 70
fmt/format.go:344.4,346.4 1 68
fmt/format.go:353.40,354.38 1 28
fmt/format.go:357.2,357.27 1 28
fmt/format.go:354.38,356.3 1 2
fmt/format.go:361.47,362.38 1 29
fmt/format.go:365.2,365.26 1 29
fmt/format.go:362.38,364.3 1 2
fmt/format.go:369.31,372.40 3 44
fmt/format.go:381.2,381.21 1 44
fmt/format.go:372.40,374.3 1 3
fmt/format.go:374.3,375.13 1 41
fmt/format.go:375.13,377.4 1 2
fmt/format.go:377.4,379.4 1 39
fmt/format.go:386.31,388.12 2 8
fmt/format.go:393.2,393.15 1 8
fmt/format.go:388.12,390.3 1 0
fmt/format.go:390.3,392.3 1 8
fmt/format.go:398.34,399.19 1 7151
fmt/format.go:402.2,402.12 1 83
fmt/format.go:399.19,401.3 1 7068
fmt/format.go:406.62,409.36 2 7157
fmt/format.go:415.2,415.22 1 7157
fmt/format.go:424.2,424.48 1 7157
fmt/format.go:436.2,436.30 1 4834
fmt/format.go:443.2,443.49 1 4109
fmt/format.go:448.2,448.16 1 342
fmt/format.go:409.36,411.3 1 3515
fmt/format.go:411.3,413.3 1 3642
fmt/format.go:415.22,416.13 1 2312
fmt/format.go:416.13,417.17 1 1158
fmt/format.go:418.4,418.18 1 1158
fmt/format.go:417.17,417.34 1 1158
fmt/format.go:424.48,425.24 1 2323
fmt/format.go:432.3,433.9 2 2323
fmt/format.go:425.24,428.4 2 289
fmt/format.go:428.4,428.29 1 2034
fmt/format.go:428.29,431.4 2 1745
fmt/format.go:436.30,440.3 3 725
fmt/format.go:443.49,446.3 2 3767
fmt/format.go:452.34,452.77 1 590
fmt/format.go:455.34,455.77 1 582
fmt/format.go:458.34,458.77 1 1256
fmt/format.go:461.34,461.78 1 598
fmt/format.go:464.34,464.78 1 580
fmt/format.go:467.35,467.67 1 1
fmt/format.go:474.34,474.86 1 0
fmt/format.go:477.34,477.86 1 0
fmt/format.go:480.34,480.86 1 2
fmt/format.go:483.34,483.87 1 3
fmt/format.go:486.34,486.87 1 2
fmt/format.go:489.35,489.76 1 1
fmt/format.go:492.47,494.2 1 8
fmt/format.go:497.49,499.2 1 1763
fmt/format.go:502.62,507.20 5 1771
fmt/format.go:531.2,534.27 4 1771
fmt/format.go:507.20,508.15 1 3542
fmt/format.go:522.3,522.13 1 3542
fmt/format.go:526.3,529.8 4 1771
fmt/format.go:509.3,510.34 1 4
fmt/format.go:511.3,512.45 1 586
fmt/format.go:513.3,514.45 1 578
fmt/format.go:515.3,516.45 1 1186
fmt/format.go:517.3,518.46 1 612
fmt/format.go:519.3,520.46 1 576
fmt/format.go:522.13,523.9 1 1771
fmt/print.go:78.53,81.2 2 19244
fmt/print.go:83.59,86.2 2 6808
fmt/print.go:88.42,91.2 2 4231
fmt/print.go:93.43,94.23 1 6492
fmt/print.go:99.2,101.29 3 1
fmt/print.go:104.2,106.12 3 1
fmt/print.go:94.23,97.3 2 6491
fmt/print.go:101.29,103.3 1 0
fmt/print.go:128.26,128.44 1 2
fmt/print.go:132.23,138.2 5 6000
fmt/print.go:141.21,143.23 1 6001
fmt/print.go:146.2,149.15 4 6002
fmt/print.go:143.23,145.3 1 0
fmt/print.go:152.41,152.79 1 60
fmt/print.go:154.46,154.86 1 60
fmt/print.go:156.31,157.11 1 7680
fmt/print.go:169.2,169.14 1 7380
fmt/print.go:158.2,159.21 1 60
fmt/print.go:160.2,161.20 1 60
fmt/print.go:162.2,163.21 1 60
fmt/print.go:164.2,165.21 1 60
fmt/print.go:166.2,167.20 1 60
fmt/print.go:172.26,174.2 1 145
fmt/print.go:178.51,180.2 1 74
fmt/print.go:186.79,192.2 5 1794
fmt/print.go:196.65,198.2 1 0
fmt/print.go:201.54,207.2 5 4198
fmt/print.go:211.52,213.2 1 0
fmt/print.go:220.63,226.2 5 8
fmt/print.go:231.49,233.2 1 0
fmt/print.go:237.38,243.2 5 11
fmt/print.go:252.65,258.2 5 1
fmt/print.go:263.51,265.2 1 1
fmt/print.go:269.40,275.2 5 3
fmt/print.go:280.53,282.53 2 43
fmt/print.go:285.2,285.12 1 43
fmt/print.go:282.53,284.3 1 0
fmt/print.go:290.27,293.2 2 16128
fmt/print.go:296.73,297.18 1 15388
fmt/print.go:300.2,300.75 1 14448
fmt/print.go:307.2,307.8 1 14450
fmt/print.go:297.18,299.3 1 947
fmt/print.go:300.75,301.20 1 16096
fmt/print.go:304.3,305.15 2 16091
fmt/print.go:301.20,303.4 1 5
fmt/print.go:310.43,311.18 1 0
fmt/print.go:315.2,317.22 3 0
fmt/print.go:311.18,314.3 2 0
fmt/print.go:320.33,326.9 6 17
fmt/print.go:338.2,339.20 2 17
fmt/print.go:327.2,330.28 3 13
fmt/print.go:331.2,334.32 3 0
fmt/print.go:335.2,336.29 1 4
fmt/print.go:342.41,343.14 1 8
fmt/print.go:344.2,345.23 1 7
fmt/print.go:346.2,347.18 1 1
fmt/print.go:352.28,354.19 2 14
fmt/print.go:357.2,358.27 2 14
fmt/print.go:354.19,356.3 1 0
fmt/print.go:361.43,362.14 1 2172
fmt/print.go:363.2,364.39 1 8
fmt/print.go:365.2,366.12 1 14
fmt/print.go:367.2,368.40 1 2093
fmt/print.go:369.2,370.39 1 14
fmt/print.go:371.2,372.34 1 9
fmt/print.go:377.2,378.40 1 16
fmt/print.go:379.2,380.18 1 14
fmt/print.go:381.2,382.40 1 4
fmt/print.go:383.2,384.18 1 3
fmt/print.go:372.34,374.4 1 8
fmt/print.go:374.4,376.4 1 1
fmt/print.go:390.48,395.2 4 30
fmt/print.go:399.34,404.18 5 15
fmt/print.go:409.2,416.21 8 15
fmt/print.go:404.18,408.3 2 10
fmt/print.go:419.45,420.14 1 1258
fmt/print.go:421.2,422.48 1 1
fmt/print.go:423.2,424.19 1 0
fmt/print.go:425.2,426.49 1 1211
fmt/print.go:427.2,428.19 1 48
fmt/print.go:433.2,434.48 1 5
fmt/print.go:435.2,436.34 1 1
fmt/print.go:441.2,442.49 1 3
fmt/print.go:443.2,444.49 1 3
fmt/print.go:445.2,446.25 1 1
fmt/print.go:447.2,448.18 1 0
fmt/print.go:428.19,430.4 1 16
fmt/print.go:430.4,432.4 1 32
fmt/print.go:436.34,438.4 1 0
fmt/print.go:438.4,440.4 1 1
fmt/print.go:452.47,453.14 1 8
fmt/print.go:454.2,455.20 1 1
fmt/print.go:456.2,457.19 1 0
fmt/print.go:458.2,459.19 1 0
fmt/print.go:460.2,461.19 1 2
fmt/print.go:462.2,463.19 1 3
fmt/print.go:464.2,465.19 1 2
fmt/print.go:466.2,467.18 1 0
fmt/print.go:471.47,472.14 1 3607
fmt/print.go:473.2,474.20 1 1
fmt/print.go:475.2,476.19 1 590
fmt/print.go:477.2,478.19 1 582
fmt/print.go:479.2,480.19 1 1256
fmt/print.go:481.2,482.19 1 598
fmt/print.go:483.2,484.19 1 580
fmt/print.go:485.2,486.18 1 0
fmt/print.go:490.51,491.14 1 8
fmt/print.go:492.2,493.25 1 3
fmt/print.go:494.2,495.24 1 5
fmt/print.go:496.2,497.18 1 0
fmt/print.go:501.53,502.14 1 1763
fmt/print.go:503.2,504.26 1 1757
fmt/print.go:505.2,506.25 1 6
fmt/print.go:507.2,508.18 1 0
fmt/print.go:512.45,513.14 1 454
fmt/print.go:514.2,515.19 1 88
fmt/print.go:520.2,521.17 1 313
fmt/print.go:522.2,523.27 1 23
fmt/print.go:524.2,525.27 1 5
fmt/print.go:526.2,527.17 1 24
fmt/print.go:528.2,529.18 1 3
fmt/print.go:515.19,517.4 1 12
fmt/print.go:517.4,519.4 1 76
fmt/print.go:533.73,534.32 1 47
fmt/print.go:571.2,571.14 1 42
fmt/print.go:534.32,535.19 1 5
fmt/print.go:554.3,554.23 1 4
fmt/print.go:564.3,564.19 1 4
fmt/print.go:569.3,569.9 1 4
fmt/print.go:535.19,536.16 1 1
fmt/print.go:545.4,545.18 1 0
fmt/print.go:536.16,537.19 1 1
fmt/print.go:543.5,543.11 1 1
fmt/print.go:537.19,539.6 1 1
fmt/print.go:539.6,542.6 2 0
fmt/print.go:545.18,547.5 1 0
fmt/print.go:547.5,550.5 2 0
fmt/print.go:551.4,553.4 1 4
fmt/print.go:554.23,555.13 1 7
fmt/print.go:562.4,562.31 1 7
fmt/print.go:555.13,556.21 1 4
fmt/print.go:556.21,558.6 1 0
fmt/print.go:558.6,560.6 1 4
fmt/print.go:564.19,566.4 1 0
fmt/print.go:566.4,568.4 1 4
fmt/print.go:572.2,573.25 1 5
fmt/print.go:574.2,575.27 1 23
fmt/print.go:576.2,577.27 1 6
fmt/print.go:578.2,579.25 1 8
fmt/print.go:580.2,581.18 1 0
fmt/print.go:585.57,587.14 2 24
fmt/print.go:598.2,599.22 2 21
fmt/print.go:607.2,607.18 1 20
fmt/print.go:588.2,588.16 0 18
fmt/print.go:590.2,591.18 1 3
fmt/print.go:593.2,595.9 2 3
fmt/print.go:600.2,601.22 1 20
fmt/print.go:602.2,604.9 2 1
fmt/print.go:607.18,612.13 5 3
fmt/print.go:617.3,617.13 1 3
fmt/print.go:612.13,614.4 1 0
fmt/print.go:614.4,616.4 1 3
fmt/print.go:618.3,618.34 1 17
fmt/print.go:618.34,620.3 1 3
fmt/print.go:620.3,621.14 1 14
fmt/print.go:621.14,623.4 1 11
fmt/print.go:623.4,625.4 1 3
fmt/print.go:634.53,635.34 1 117
fmt/print.go:635.34,639.70 1 9
fmt/print.go:645.3,645.18 1 6
fmt/print.go:649.3,656.23 8 6
fmt/print.go:639.70,642.4 2 3
fmt/print.go:645.18,647.14 1 0
fmt/print.go:661.55,663.11 2 77
fmt/print.go:667.2,668.12 2 77
fmt/print.go:672.2,672.8 1 77
fmt/print.go:663.11,666.3 2 9
fmt/print.go:668.12,671.3 2 7
fmt/print.go:677.54,678.11 1 77
fmt/print.go:682.2,682.12 1 77
fmt/print.go:678.11,681.3 2 9
fmt/print.go:682.12,685.3 2 7
fmt/print.go:688.65,689.16 1 493
fmt/print.go:693.2,693.44 1 489
fmt/print.go:702.2,702.18 1 412
fmt/print.go:735.2,735.14 1 372
fmt/print.go:689.16,691.3 1 4
fmt/print.go:693.44,699.3 5 77
fmt/print.go:702.18,703.45 1 92
fmt/print.go:703.45,709.4 4 5
fmt/print.go:710.3,714.15 1 320
fmt/print.go:715.3,720.29 1 293
fmt/print.go:721.4,725.11 4 3
fmt/print.go:727.4,731.11 4 32
fmt/print.go:738.79,742.16 3 10152
fmt/print.go:753.2,753.14 1 10150
fmt/print.go:763.2,763.25 1 10143
fmt/print.go:812.2,813.8 2 9919
fmt/print.go:742.16,743.33 1 9
fmt/print.go:748.3,748.15 1 9
fmt/print.go:743.33,745.4 1 5
fmt/print.go:745.4,747.4 1 4
fmt/print.go:754.2,756.15 2 4
fmt/print.go:757.2,759.15 2 10
fmt/print.go:764.2,765.21 1 2
fmt/print.go:766.2,767.24 1 7
fmt/print.go:768.2,769.24 1 3598
fmt/print.go:770.2,771.26 1 4
fmt/print.go:772.2,773.27 1 1759
fmt/print.go:774.2,775.29 1 1817
fmt/print.go:776.2,777.29 1 1
fmt/print.go:778.2,779.29 1 1
fmt/print.go:780.2,781.29 1 27
fmt/print.go:782.2,783.22 1 379
fmt/print.go:784.2,785.31 1 3
fmt/print.go:786.2,787.31 1 8
fmt/print.go:788.2,789.31 1 757
fmt/print.go:790.2,791.31 1 1142
fmt/print.go:792.2,793.23 1 8
fmt/print.go:794.2,795.31 1 1
fmt/print.go:796.2,798.41 2 506
fmt/print.go:799.2,801.26 2 36
fmt/print.go:802.2,803.45 1 5
fmt/print.go:804.2,806.55 1 226
fmt/print.go:810.3,810.64 1 150
fmt/print.go:806.55,808.4 1 76
fmt/print.go:817.85,818.22 1 269
fmt/print.go:829.2,829.14 1 267
fmt/print.go:840.2,841.26 2 267
fmt/print.go:844.2,844.54 1 267
fmt/print.go:848.2,848.48 1 226
fmt/print.go:818.22,819.33 1 2
fmt/print.go:824.3,824.15 1 2
fmt/print.go:819.33,821.4 1 2
fmt/print.go:821.4,823.4 1 0
fmt/print.go:830.2,832.15 2 0
fmt/print.go:833.2,835.15 2 0
fmt/print.go:841.26,843.3 1 227
fmt/print.go:844.54,846.3 1 41
fmt/print.go:855.92,859.30 3 381
fmt/print.go:1023.2,1024.18 2 381
fmt/print.go:860.2,861.47 1 1
fmt/print.go:862.2,863.28 1 6
fmt/print.go:864.2,865.28 1 101
fmt/print.go:866.2,867.30 1 44
fmt/print.go:868.2,869.27 1 10
fmt/print.go:874.2,875.27 1 8
fmt/print.go:880.2,881.32 1 54
fmt/print.go:882.2,883.19 1 13
fmt/print.go:893.3,894.28 2 12
fmt/print.go:906.3,906.19 1 12
fmt/print.go:911.2,912.19 1 17
fmt/print.go:915.3,918.37 4 17
fmt/print.go:934.3,934.23 1 17
fmt/print.go:935.2,937.23 2 25
fmt/print.go:947.2,953.131 1 73
fmt/print.go:972.3,972.19 1 62
fmt/print.go:982.3,982.32 1 60
fmt/print.go:992.3,992.19 1 60
fmt/print.go:997.2,1001.27 2 27
fmt/print.go:1017.3,1017.14 1 12
fmt/print.go:1018.2,1019.28 1 14
fmt/print.go:1020.2,1021.19 1 0
fmt/print.go:869.27,871.4 1 1
fmt/print.go:871.4,873.4 1 9
fmt/print.go:875.27,877.4 1 4
fmt/print.go:877.4,879.4 1 4
fmt/print.go:883.19,885.17 2 4
fmt/print.go:889.4,889.24 1 3
fmt/print.go:885.17,887.10 2 1
fmt/print.go:890.4,892.4 1 9
fmt/print.go:894.28,895.13 1 19
fmt/print.go:902.4,904.48 3 19
fmt/print.go:895.13,896.21 1 11
fmt/print.go:896.21,898.6 1 0
fmt/print.go:898.6,900.6 1 11
fmt/print.go:906.19,908.4 1 3
fmt/print.go:908.4,910.4 1 9
fmt/print.go:912.19,914.4 1 6
fmt/print.go:918.37,919.13 1 43
fmt/print.go:926.4,926.35 1 43
fmt/print.go:932.4,932.47 1 43
fmt/print.go:919.13,920.21 1 27
fmt/print.go:920.21,922.6 1 9
fmt/print.go:922.6,924.6 1 18
fmt/print.go:926.35,927.38 1 33
fmt/print.go:927.38,930.6 2 33
fmt/print.go:937.23,938.20 1 7
fmt/print.go:938.20,941.5 2 3
fmt/print.go:941.5,943.5 1 4
fmt/print.go:944.4,946.4 1 18
fmt/print.go:953.131,955.33 2 11
fmt/print.go:968.4,970.9 3 11
fmt/print.go:955.33,957.5 1 11
fmt/print.go:957.5,957.26 1 0
fmt/print.go:957.26,959.5 1 0
fmt/print.go:959.5,964.26 2 0
fmt/print.go:964.26,966.6 1 0
fmt/print.go:972.19,974.46 2 14
fmt/print.go:978.4,978.24 1 12
fmt/print.go:974.46,976.10 2 2
fmt/print.go:979.4,981.4 1 48
fmt/print.go:982.32,983.13 1 155
fmt/print.go:990.4,990.43 1 155
fmt/print.go:983.13,984.21 1 97
fmt/print.go:984.21,986.6 1 30
fmt/print.go:986.6,988.6 1 67
fmt/print.go:992.19,994.4 1 12
fmt/print.go:994.4,996.4 1 48
fmt/print.go:1001.27,1002.35 1 22
fmt/print.go:1003.4,1006.20 3 9
fmt/print.go:1007.4,1010.20 3 3
fmt/print.go:1011.4,1014.20 3 3
fmt/print.go:1028.83,1030.21 2 32
fmt/print.go:1057.2,1057.8 1 32
fmt/print.go:1030.21,1032.13 2 32
fmt/print.go:1051.3,1052.20 2 32
fmt/print.go:1032.13,1034.53 1 9
fmt/print.go:1035.4,1037.27 2 1
fmt/print.go:1041.4,1043.45 2 6
fmt/print.go:1047.4,1047.12 0 2
fmt/print.go:1037.27,1040.6 2 1
fmt/print.go:1043.45,1046.6 2 4
fmt/print.go:1052.20,1055.4 2 4
fmt/print.go:1066.66,1068.21 1 33
fmt/print.go:1073.2,1073.35 1 31
fmt/print.go:1082.2,1082.20 1 0
fmt/print.go:1068.21,1070.3 1 2
fmt/print.go:1073.35,1074.23 1 63
fmt/print.go:1074.23,1076.24 2 31
fmt/print.go:1079.4,1079.33 1 29
fmt/print.go:1076.24,1078.5 1 2
fmt/print.go:1088.105,1089.42 1 27447
fmt/print.go:1092.2,1094.41 3 33
fmt/print.go:1097.2,1098.28 2 10
fmt/print.go:1089.42,1091.3 1 27456
fmt/print.go:1094.41,1096.3 1 23
fmt/print.go:1101.55,1106.23 5 6305
fmt/print.go:1244.2,1244.37 1 6306
fmt/print.go:1106.23,1109.35 3 13395
fmt/print.go:1112.3,1112.16 1 13403
fmt/print.go:1115.3,1115.15 1 13411
fmt/print.go:1121.3,1126.22 3 11104
fmt/print.go:1144.3,1147.34 2 11111
fmt/print.go:1170.3,1170.36 1 11118
fmt/print.go:1197.3,1197.18 1 11125
fmt/print.go:1201.3,1201.15 1 11132
fmt/print.go:1205.3,1208.15 3 11129
fmt/print.go:1212.3,1212.20 1 11135
fmt/print.go:1223.3,1226.15 3 11130
fmt/print.go:1238.3,1238.24 1 11137
fmt/print.go:1109.35,1111.4 1 10716
fmt/print.go:1112.16,1114.4 1 8850
fmt/print.go:1115.15,1117.9 1 2326
fmt/print.go:1126.22,1127.21 1 19282
fmt/print.go:1128.4,1129.23 1 88
fmt/print.go:1130.4,1131.22 1 2664
fmt/print.go:1132.4,1133.22 1 3527
fmt/print.go:1134.4,1135.23 1 44
fmt/print.go:1136.4,1137.23 1 1772
fmt/print.go:1138.4,1139.12 1 11229
fmt/print.go:1147.34,1151.25 3 21
fmt/print.go:1157.4,1157.21 1 21
fmt/print.go:1161.4,1161.22 1 21
fmt/print.go:1151.25,1153.5 1 3
fmt/print.go:1157.21,1160.5 2 2
fmt/print.go:1162.4,1164.38 2 11251
fmt/print.go:1164.38,1166.5 1 1
fmt/print.go:1170.36,1172.18 2 5394
fmt/print.go:1175.4,1176.35 2 5394
fmt/print.go:1172.18,1174.5 1 1
fmt/print.go:1176.35,1180.23 3 11
fmt/print.go:1184.5,1184.27 1 11
fmt/print.go:1187.5,1187.23 1 11
fmt/print.go:1180.23,1183.6 2 1
fmt/print.go:1184.27,1186.6 1 6
fmt/print.go:1188.5,1190.27 2 5383
fmt/print.go:1190.27,1193.6 2 8
fmt/print.go:1197.18,1199.4 1 11341
fmt/print.go:1201.15,1203.12 2 10
fmt/print.go:1208.15,1210.12 2 1
fmt/print.go:1212.20,1216.12 4 11
fmt/print.go:1217.4,1217.30 1 11362
fmt/print.go:1217.30,1221.12 4 1
fmt/print.go:1226.15,1227.19 1 129
fmt/print.go:1232.4,1232.18 1 129
fmt/print.go:1227.19,1231.5 2 34
fmt/print.go:1232.18,1236.5 2 14
fmt/print.go:1244.37,1246.35 2 9
fmt/print.go:1257.3,1257.23 1 9
fmt/print.go:1246.35,1248.18 2 9
fmt/print.go:1252.4,1253.25 2 9
fmt/print.go:1248.18,1251.5 2 9
fmt/print.go:1253.25,1255.5 1 0
fmt/print.go:1261.66,1263.45 2 23
fmt/print.go:1275.2,1275.16 1 23
fmt/print.go:1263.45,1267.17 3 36
fmt/print.go:1273.3,1273.39 1 36
fmt/print.go:1267.17,1269.44 2 13
fmt/print.go:1269.44,1271.5 1 8
fmt/print.go:1275.16,1277.3 1 4
fmt/scan.go:71.48,73.2 1 0
fmt/scan.go:77.50,79.2 1 0
fmt/scan.go:88.64,90.2 1 0
fmt/scan.go:94.58,97.12 3 829
fmt/scan.go:100.2,100.8 1 829
fmt/scan.go:97.12,99.3 1 62
fmt/scan.go:107.61,109.2 1 22
fmt/scan.go:113.63,115.2 1 7
fmt/scan.go:121.77,123.2 1 124
fmt/scan.go:129.62,134.2 4 1786
fmt/scan.go:138.64,143.2 4 154
fmt/scan.go:149.78,154.2 4 975
fmt/scan.go:189.50,191.2 1 0
fmt/scan.go:193.55,194.21 1 3539047
fmt/scan.go:202.2,202.73 1 3537442
fmt/scan.go:207.2,208.16 2 3537323
fmt/scan.go:214.2,214.8 1 3537323
fmt/scan.go:194.21,201.3 6 1605
fmt/scan.go:202.73,205.3 2 119
fmt/scan.go:208.16,211.3 2 3536436
fmt/scan.go:211.3,211.26 1 887
fmt/scan.go:211.26,213.3 1 887
fmt/scan.go:217.41,218.25 1 0
fmt/scan.go:221.2,221.23 1 0
fmt/scan.go:218.25,220.3 1 0
fmt/scan.go:226.33,228.16 2 21149
fmt/scan.go:234.2,234.8 1 20945
fmt/scan.go:228.16,229.20 1 204
fmt/scan.go:232.3,232.15 1 0
fmt/scan.go:229.20,231.4 1 204
fmt/scan.go:240.38,242.14 2 999
fmt/scan.go:245.2,245.8 1 998
fmt/scan.go:242.14,244.3 1 1
fmt/scan.go:248.33,249.38 1 2254511
fmt/scan.go:254.2,256.12 3 2254511
fmt/scan.go:249.38,251.3 1 2252779
fmt/scan.go:251.3,253.3 1 1732
fmt/scan.go:259.31,260.23 1 7
fmt/scan.go:263.38,264.35 1 30
fmt/scan.go:267.79,268.15 1 16
fmt/scan.go:277.2,277.14 1 16
fmt/scan.go:280.2,282.8 3 16
fmt/scan.go:268.15,269.31 1 16
fmt/scan.go:269.31,270.35 1 0
fmt/scan.go:270.35,272.5 1 0
fmt/scan.go:272.5,273.13 1 0
fmt/scan.go:277.14,279.3 1 6
fmt/scan.go:300.27,301.16 1 1118538
fmt/scan.go:304.2,305.28 2 69962
fmt/scan.go:313.2,313.14 1 53254
fmt/scan.go:301.16,303.3 1 1048576
fmt/scan.go:305.28,306.18 1 629342
fmt/scan.go:309.3,309.19 1 612888
fmt/scan.go:306.18,308.4 1 16454
fmt/scan.go:309.19,311.4 1 254
fmt/scan.go:317.28,319.2 1 226
fmt/scan.go:324.26,326.2 1 995
fmt/scan.go:340.51,341.19 1 1647
fmt/scan.go:347.2,348.12 2 1646
fmt/scan.go:351.2,351.26 1 1572
fmt/scan.go:341.19,346.3 4 1
fmt/scan.go:348.12,350.3 1 74
fmt/scan.go:355.39,358.2 2 1
fmt/scan.go:362.62,364.16 2 1635
fmt/scan.go:367.2,367.30 1 1562
fmt/scan.go:372.2,373.45 2 8
fmt/scan.go:383.2,384.14 2 8
fmt/scan.go:387.2,387.8 1 8
fmt/scan.go:364.16,366.3 1 73
fmt/scan.go:367.30,371.3 3 1554
fmt/scan.go:373.45,375.17 2 12
fmt/scan.go:375.17,376.21 1 1
fmt/scan.go:380.4,380.10 1 0
fmt/scan.go:376.21,378.10 2 1
fmt/scan.go:384.14,386.3 1 1
fmt/scan.go:391.26,391.44 1 801
fmt/scan.go:395.76,397.37 2 2915
fmt/scan.go:402.2,412.8 11 2915
fmt/scan.go:397.37,399.3 1 2591
fmt/scan.go:399.3,401.3 1 324
fmt/scan.go:416.30,418.19 1 2915
fmt/scan.go:423.2,423.23 1 2915
fmt/scan.go:426.2,428.15 3 2915
fmt/scan.go:418.19,421.3 2 0
fmt/scan.go:423.23,425.3 1 0
fmt/scan.go:432.44,433.6 1 3202
fmt/scan.go:433.6,435.15 2 3318
fmt/scan.go:438.3,438.32 1 3240
fmt/scan.go:441.3,441.16 1 3240
fmt/scan.go:451.3,451.18 1 3233
fmt/scan.go:435.15,437.4 1 78
fmt/scan.go:438.32,439.12 1 0
fmt/scan.go:441.16,442.21 1 7
fmt/scan.go:445.4,445.19 1 7
fmt/scan.go:448.4,449.10 2 3
fmt/scan.go:442.21,443.10 1 0
fmt/scan.go:445.19,446.13 1 4
fmt/scan.go:451.18,453.9 2 3121
fmt/scan.go:461.62,462.15 1 59
fmt/scan.go:466.2,466.6 1 59
fmt/scan.go:477.2,477.14 1 59
fmt/scan.go:462.15,464.3 1 59
fmt/scan.go:466.6,468.15 2 287
fmt/scan.go:471.3,471.12 1 264
fmt/scan.go:475.3,475.21 1 228
fmt/scan.go:468.15,469.9 1 23
fmt/scan.go:471.12,473.9 2 36
fmt/scan.go:483.38,484.22 1 12206
fmt/scan.go:489.2,489.11 1 6099
fmt/scan.go:484.22,485.13 1 56568
fmt/scan.go:485.13,487.4 1 6107
fmt/scan.go:494.51,496.14 2 10257
fmt/scan.go:499.2,499.27 1 10211
fmt/scan.go:505.2,505.24 1 4177
fmt/scan.go:508.2,508.14 1 4177
fmt/scan.go:496.14,498.3 1 46
fmt/scan.go:499.27,500.13 1 6034
fmt/scan.go:503.3,503.14 1 6034
fmt/scan.go:500.13,502.4 1 6017
fmt/scan.go:505.24,507.3 1 4177
fmt/scan.go:512.35,514.14 2 1888
fmt/scan.go:517.2,517.30 1 1888
fmt/scan.go:514.14,516.3 1 1886
fmt/scan.go:520.23,522.32 1 4070
fmt/scan.go:525.2,525.16 1 4029
fmt/scan.go:522.32,523.16 1 41
fmt/scan.go:530.37,532.2 1 10240
fmt/scan.go:535.58,536.28 1 2124
fmt/scan.go:541.2,542.14 2 2
fmt/scan.go:536.28,537.16 1 14063
fmt/scan.go:537.16,539.4 1 2122
fmt/scan.go:546.39,549.38 3 26
fmt/scan.go:553.2,553.21 1 22
fmt/scan.go:569.2,569.14 1 0
fmt/scan.go:549.38,551.3 1 0
fmt/scan.go:554.2,555.15 1 0
fmt/scan.go:556.2,557.14 1 0
fmt/scan.go:558.2,559.61 1 10
fmt/scan.go:562.3,562.14 1 10
fmt/scan.go:563.2,564.80 1 12
fmt/scan.go:567.3,567.15 1 12
fmt/scan.go:559.61,561.4 1 0
fmt/scan.go:564.80,566.4 1 0
fmt/scan.go:584.59,588.14 4 1932
fmt/scan.go:599.2,599.8 1 1930
fmt/scan.go:589.2,591.24 2 2
fmt/scan.go:592.2,594.23 2 4
fmt/scan.go:595.2,597.29 2 7
fmt/scan.go:603.64,604.17 1 1930
fmt/scan.go:610.2,610.23 1 1930
fmt/scan.go:612.2,612.22 1 1930
fmt/scan.go:604.17,606.24 2 1886
fmt/scan.go:606.24,608.4 1 0
fmt/scan.go:610.23,611.3 0 3511
fmt/scan.go:616.42,621.12 5 21
fmt/scan.go:624.2,624.10 1 19
fmt/scan.go:621.12,623.3 1 2
fmt/scan.go:630.69,631.18 1 1844
fmt/scan.go:634.2,638.18 4 44
fmt/scan.go:642.2,642.8 1 44
fmt/scan.go:631.18,633.3 1 1800
fmt/scan.go:638.18,641.3 2 13
fmt/scan.go:647.52,648.17 1 1868
fmt/scan.go:651.2,655.17 5 1850
fmt/scan.go:665.2,667.16 3 1836
fmt/scan.go:670.2,672.12 3 1836
fmt/scan.go:675.2,675.10 1 1832
fmt/scan.go:648.17,650.3 1 18
fmt/scan.go:655.17,656.55 1 1
fmt/scan.go:656.55,658.4 1 0
fmt/scan.go:659.3,661.18 2 1835
fmt/scan.go:661.18,663.4 1 1767
fmt/scan.go:667.16,669.3 1 0
fmt/scan.go:672.12,674.3 1 4
fmt/scan.go:680.54,681.17 1 101
fmt/scan.go:684.2,688.17 5 98
fmt/scan.go:695.2,697.16 3 94
fmt/scan.go:700.2,702.12 3 94
fmt/scan.go:705.2,705.10 1 92
fmt/scan.go:681.17,683.3 1 3
fmt/scan.go:688.17,689.55 1 1
fmt/scan.go:689.55,691.4 1 0
fmt/scan.go:692.3,692.24 1 93
fmt/scan.go:692.24,694.3 1 77
fmt/scan.go:697.16,699.3 1 0
fmt/scan.go:702.12,704.3 1 2
fmt/scan.go:711.34,714.56 2 108
fmt/scan.go:718.2,720.56 2 99
fmt/scan.go:724.2,724.30 1 72
fmt/scan.go:727.2,727.22 1 72
fmt/scan.go:733.2,733.24 1 72
fmt/scan.go:740.2,740.22 1 72
fmt/scan.go:714.56,716.3 1 9
fmt/scan.go:720.56,722.3 1 27
fmt/scan.go:724.30,725.3 0 73
fmt/scan.go:727.22,729.31 1 44
fmt/scan.go:729.31,730.4 0 51
fmt/scan.go:733.24,737.31 2 49
fmt/scan.go:737.31,738.4 0 67
fmt/scan.go:746.50,752.21 4 19
fmt/scan.go:756.2,758.20 3 19
fmt/scan.go:761.2,761.30 1 19
fmt/scan.go:764.2,764.30 1 19
fmt/scan.go:752.21,754.3 1 0
fmt/scan.go:758.20,760.3 1 0
fmt/scan.go:761.30,763.3 1 0
fmt/scan.go:768.54,769.38 1 107
fmt/scan.go:790.2,791.16 2 91
fmt/scan.go:794.2,794.10 1 86
fmt/scan.go:769.38,773.17 2 16
fmt/scan.go:780.3,781.17 2 16
fmt/scan.go:788.3,788.26 1 16
fmt/scan.go:773.17,775.44 1 0
fmt/scan.go:778.4,778.16 1 0
fmt/scan.go:775.44,777.5 1 0
fmt/scan.go:781.17,783.44 1 0
fmt/scan.go:786.4,786.16 1 0
fmt/scan.go:783.44,785.5 1 0
fmt/scan.go:791.16,793.3 1 5
fmt/scan.go:801.55,802.44 1 23
fmt/scan.go:805.2,810.28 6 23
fmt/scan.go:802.44,804.3 1 0
fmt/scan.go:815.52,816.40 1 77
fmt/scan.go:819.2,821.14 3 77
fmt/scan.go:829.2,829.8 1 60
fmt/scan.go:816.40,818.3 1 0
fmt/scan.go:822.2,823.25 1 6
fmt/scan.go:824.2,825.22 1 12
fmt/scan.go:826.2,827.40 1 43
fmt/scan.go:833.36,836.15 3 6
fmt/scan.go:870.2,870.11 1 0
fmt/scan.go:837.2,839.7 1 2
fmt/scan.go:846.3,846.23 1 2
fmt/scan.go:847.2,850.7 2 4
fmt/scan.go:862.3,863.17 2 4
fmt/scan.go:866.3,866.16 1 4
fmt/scan.go:867.2,868.42 1 0
fmt/scan.go:839.7,841.18 2 35
fmt/scan.go:844.4,844.22 1 33
fmt/scan.go:841.18,842.10 1 2
fmt/scan.go:850.7,853.17 3 57
fmt/scan.go:853.17,858.5 1 8
fmt/scan.go:858.5,858.23 1 49
fmt/scan.go:858.23,859.10 1 4
fmt/scan.go:863.17,865.4 1 0
fmt/scan.go:874.35,876.15 2 133
fmt/scan.go:884.2,884.18 1 8
fmt/scan.go:877.2,878.27 1 119
fmt/scan.go:879.2,880.32 1 3
fmt/scan.go:881.2,882.32 1 3
fmt/scan.go:890.42,892.18 2 74
fmt/scan.go:895.2,896.9 2 70
fmt/scan.go:900.2,901.9 2 63
fmt/scan.go:905.2,905.39 1 62
fmt/scan.go:892.18,894.3 1 4
fmt/scan.go:896.9,899.3 2 7
fmt/scan.go:901.9,904.3 2 1
fmt/scan.go:909.33,911.6 2 12
fmt/scan.go:918.2,918.21 1 11
fmt/scan.go:922.2,922.22 1 11
fmt/scan.go:911.6,913.10 2 74
fmt/scan.go:916.3,916.21 1 62
fmt/scan.go:913.10,914.9 1 11
fmt/scan.go:918.21,921.3 2 0
fmt/scan.go:930.50,934.32 3 2993
fmt/scan.go:945.2,945.25 1 2170
fmt/scan.go:934.32,936.17 2 823
fmt/scan.go:942.3,942.9 1 822
fmt/scan.go:936.17,937.21 1 1
fmt/scan.go:940.4,940.16 1 1
fmt/scan.go:937.21,939.5 1 1
fmt/scan.go:946.2,947.24 1 14
fmt/scan.go:948.2,949.42 1 8
fmt/scan.go:950.2,951.32 1 11
fmt/scan.go:952.2,953.37 1 1742
fmt/scan.go:954.2,955.32 1 29
fmt/scan.go:956.2,957.34 1 19
fmt/scan.go:958.2,959.34 1 28
fmt/scan.go:960.2,961.27 1 17
fmt/scan.go:962.2,963.39 1 33
fmt/scan.go:964.2,965.34 1 14
fmt/scan.go:966.2,967.36 1 6
fmt/scan.go:968.2,969.36 1 6
fmt/scan.go:970.2,971.28 1 5
fmt/scan.go:972.2,973.46 1 0
fmt/scan.go:976.2,977.44 1 19
fmt/scan.go:982.2,983.44 1 51
fmt/scan.go:988.2,989.29 1 44
fmt/scan.go:990.2,993.37 1 19
fmt/scan.go:994.2,997.32 3 105
fmt/scan.go:1001.3,1001.36 1 104
fmt/scan.go:977.44,981.4 3 19
fmt/scan.go:983.44,987.4 3 51
fmt/scan.go:997.32,1000.4 2 1
fmt/scan.go:1002.3,1003.31 1 12
fmt/scan.go:1004.3,1005.46 1 33
fmt/scan.go:1006.3,1007.48 1 37
fmt/scan.go:1008.3,1009.38 1 7
fmt/scan.go:1010.3,1013.42 2 7
fmt/scan.go:1016.4,1018.34 3 7
fmt/scan.go:1021.3,1024.63 3 4
fmt/scan.go:1025.3,1026.54 1 4
fmt/scan.go:1027.3,1028.60 1 0
fmt/scan.go:1013.42,1015.5 1 0
fmt/scan.go:1018.34,1020.5 1 16
fmt/scan.go:1034.32,1035.30 1 2915
fmt/scan.go:1035.30,1036.34 1 78
fmt/scan.go:1036.34,1038.4 1 37
fmt/scan.go:1038.4,1038.55 1 41
fmt/scan.go:1038.55,1040.4 1 41
fmt/scan.go:1040.4,1041.12 1 0
fmt/scan.go:1047.68,1049.24 2 1940
fmt/scan.go:1054.2,1054.15 1 1918
fmt/scan.go:1066.2,1066.8 1 1917
fmt/scan.go:1049.24,1052.3 2 1978
fmt/scan.go:1054.15,1055.7 1 149
fmt/scan.go:1055.7,1057.29 2 160
fmt/scan.go:1060.4,1060.19 1 12
fmt/scan.go:1057.29,1058.10 1 148
fmt/scan.go:1060.19,1062.10 2 1
fmt/scan.go:1077.45,1078.22 1 1860
fmt/scan.go:1141.2,1141.8 1 3
fmt/scan.go:1078.22,1080.18 2 2701
fmt/scan.go:1092.3,1095.40 3 865
fmt/scan.go:1106.3,1106.15 1 865
fmt/scan.go:1134.3,1135.21 2 836
fmt/scan.go:1139.3,1139.9 1 833
fmt/scan.go:1080.18,1082.26 1 1839
fmt/scan.go:1086.4,1087.20 2 1837
fmt/scan.go:1090.4,1090.10 1 3
fmt/scan.go:1082.26,1084.5 1 2
fmt/scan.go:1087.20,1089.5 1 1834
fmt/scan.go:1095.40,1096.20 1 34
fmt/scan.go:1102.4,1104.49 3 34
fmt/scan.go:1096.20,1097.19 1 13
fmt/scan.go:1100.5,1100.22 1 13
fmt/scan.go:1097.19,1098.11 1 0
fmt/scan.go:1106.15,1110.21 2 29
fmt/scan.go:1113.4,1113.24 1 25
fmt/scan.go:1118.4,1118.42 1 25
fmt/scan.go:1121.4,1121.22 1 25
fmt/scan.go:1128.4,1129.18 2 13
fmt/scan.go:1132.4,1132.12 1 11
fmt/scan.go:1110.21,1112.5 1 4
fmt/scan.go:1113.24,1116.5 1 0
fmt/scan.go:1118.42,1120.5 1 18
fmt/scan.go:1121.22,1122.20 1 12
fmt/scan.go:1126.5,1126.11 1 10
fmt/scan.go:1122.20,1124.6 1 2
fmt/scan.go:1129.18,1131.5 1 2
fmt/scan.go:1135.21,1138.4 2 2
fmt/scan.go:1146.84,1150.24 3 975
fmt/scan.go:1195.2,1195.27 1 922
fmt/scan.go:1198.2,1198.8 1 920
fmt/scan.go:1150.24,1152.12 2 1860
fmt/scan.go:1157.3,1157.23 1 1021
fmt/scan.go:1165.3,1170.18 4 1019
fmt/scan.go:1174.3,1177.15 3 1019
fmt/scan.go:1180.3,1181.46 2 1019
fmt/scan.go:1185.3,1185.29 1 1019
fmt/scan.go:1189.3,1193.23 4 1015
fmt/scan.go:1152.12,1154.12 2 832
fmt/scan.go:1157.23,1159.13 1 2
fmt/scan.go:1163.4,1163.9 1 0
fmt/scan.go:1159.13,1161.5 1 2
fmt/scan.go:1170.18,1172.4 1 991
fmt/scan.go:1177.15,1179.4 1 995
fmt/scan.go:1181.46,1183.4 1 28
fmt/scan.go:1185.29,1187.9 2 4
fmt/scan.go:1195.27,1197.3 1 2
